Change Value of Parameter 1. Description in Part C1 Old=CAP [TYPE] [VALUE] [TOLERANCE] [VOLTAGE] [CLASS] [PACKAGE] New=CAP CER 1uF 10% X5R 16V 0603 SMT
Change Value of Parameter 2. Manufacturer in Part C1 Old= New=Taiyo
Change Value of Parameter 3. Manufacturer Part Number in Part C1 Old= New=EMK107BJ105KA-T
Change Value of Parameter 4. Digi-Key Part Number in Part C1 Old= New=587-1251-2-ND
Change Value of Parameter 6. Last Modified in Part C1 Old= New=2018-11-10
Change Value of Parameter 7. Modified By in Part C1 Old= New=BJW
Change Value of Parameter 1. Description in Part D1 Old=LED [COLOR] [STYLE] [PACKAGE] [MOUNT] New=LED PLCC2 [COLOR] ROUND CLEAR SMD 
Change Value of Parameter 2. Manufacturer in Part D1 Old= New=KingBright
Change Value of Parameter 6. Last Modified in Part D1 Old= New=2018-11-10
Change Value of Parameter 7. Modified By in Part D1 Old= New=BJW
Change Value of Parameter 1. Description in Part D2 Old=LED [COLOR] [STYLE] [PACKAGE] [MOUNT] New=LED PLCC2 [COLOR] ROUND CLEAR SMD 
Change Value of Parameter 2. Manufacturer in Part D2 Old= New=KingBright
Change Value of Parameter 6. Last Modified in Part D2 Old= New=2018-11-10
Change Value of Parameter 7. Modified By in Part D2 Old= New=BJW
Change Value of Parameter 1. Description in Part D3 Old=LED [COLOR] [STYLE] [PACKAGE] [MOUNT] New=LED PLCC2 [COLOR] ROUND CLEAR SMD 
Change Value of Parameter 2. Manufacturer in Part D3 Old= New=KingBright
Change Value of Parameter 6. Last Modified in Part D3 Old= New=2018-11-10
Change Value of Parameter 7. Modified By in Part D3 Old= New=BJW
Change Value of Parameter 1. Description in Part D4 Old=LED [COLOR] [STYLE] [PACKAGE] [MOUNT] New=LED PLCC2 [COLOR] ROUND CLEAR SMD 
Change Value of Parameter 2. Manufacturer in Part D4 Old= New=KingBright
Change Value of Parameter 6. Last Modified in Part D4 Old= New=2018-11-10
Change Value of Parameter 7. Modified By in Part D4 Old= New=BJW
Change Value of Parameter 1. Description in Part D5 Old=LED [COLOR] [STYLE] [PACKAGE] [MOUNT] New=LED PLCC2 [COLOR] ROUND CLEAR SMD 
Change Value of Parameter 2. Manufacturer in Part D5 Old= New=KingBright
Change Value of Parameter 6. Last Modified in Part D5 Old= New=2018-11-10
Change Value of Parameter 7. Modified By in Part D5 Old= New=BJW
Change Value of Parameter 1. Description in Part D6 Old=LED [COLOR] [STYLE] [PACKAGE] [MOUNT] New=LED PLCC2 [COLOR] ROUND CLEAR SMD 
Change Value of Parameter 2. Manufacturer in Part D6 Old= New=KingBright
Change Value of Parameter 6. Last Modified in Part D6 Old= New=2018-11-10
Change Value of Parameter 7. Modified By in Part D6 Old= New=BJW
Change Value of Parameter 1. Description in Part D7 Old=LED [COLOR] [STYLE] [PACKAGE] [MOUNT] New=LED PLCC2 [COLOR] ROUND CLEAR SMD 
Change Value of Parameter 2. Manufacturer in Part D7 Old= New=KingBright
Change Value of Parameter 6. Last Modified in Part D7 Old= New=2018-11-10
Change Value of Parameter 7. Modified By in Part D7 Old= New=BJW
Change Value of Parameter 1. Description in Part D8 Old=LED [COLOR] [STYLE] [PACKAGE] [MOUNT] New=LED PLCC2 [COLOR] ROUND CLEAR SMD 
Change Value of Parameter 2. Manufacturer in Part D8 Old= New=KingBright
Change Value of Parameter 6. Last Modified in Part D8 Old= New=2018-11-10
Change Value of Parameter 7. Modified By in Part D8 Old= New=BJW
Change Value of Parameter 1. Description in Part Q1 Old= New=TRANS PMOS 20V 820MA SOT323
Change Value of Parameter 2. Manufacturer in Part Q1 Old= New=Diodes Incorporated
Change Value of Parameter 3. Manufacturer Part Number in Part Q1 Old= New=DMG1013UW-7
Change Value of Parameter 4. Digi-Key Part Number in Part Q1 Old= New=DMG1013UW-7DITR-ND
Change Value of Parameter 6. Last Modified in Part Q1 Old= New=2018-11-10
Change Value of Parameter 7. Modified By in Part Q1 Old= New=BJW
Change Value of Parameter 1. Description in Part R1 Old=RES [VALUE] [POWER] [TOLERANCE] [PACKAGE] [CONSTRUCTION] New=RES 100K OHM 1/10W 1% 0603 SMD
Change Value of Parameter 2. Manufacturer in Part R1 Old= New=Yageo
Change Value of Parameter 3. Manufacturer Part Number in Part R1 Old= New=RC0603FR-07100KL
Change Value of Parameter 4. Digi-Key Part Number in Part R1 Old= New= 311-100KHRTR-ND
Change Value of Parameter 6. Last Modified in Part R1 Old= New=2018-11-10
Change Value of Parameter 7. Modified By in Part R1 Old= New=BJW
Change Value of Parameter 1. Description in Part R2 Old=RES [VALUE] [POWER] [TOLERANCE] [PACKAGE] [CONSTRUCTION] New=RES 100K OHM 1/10W 1% 0603 SMD
Change Value of Parameter 2. Manufacturer in Part R2 Old= New=Yageo
Change Value of Parameter 3. Manufacturer Part Number in Part R2 Old= New=RC0603FR-07100KL
Change Value of Parameter 4. Digi-Key Part Number in Part R2 Old= New= 311-100KHRTR-ND
Change Value of Parameter 6. Last Modified in Part R2 Old= New=2018-11-10
Change Value of Parameter 7. Modified By in Part R2 Old= New=BJW
Change Value of Parameter 1. Description in Part R3 Old=ES 390 OHM 1/10W 1% 0603 New=RES 390 OHM 1/10W 1% 0603
Change Value of Parameter 4. Digi-Key Part Number in Part R3 Old= New= 311-390HRTR-ND
Change Value of Parameter 6. Last Modified in Part R3 Old= New=2018-11-10
Change Value of Parameter 7. Modified By in Part R3 Old= New=BJW
Change Value of Parameter 1. Description in Part R4 Old=ES 390 OHM 1/10W 1% 0603 New=RES 390 OHM 1/10W 1% 0603
Change Value of Parameter 4. Digi-Key Part Number in Part R4 Old= New= 311-390HRTR-ND
Change Value of Parameter 6. Last Modified in Part R4 Old= New=2018-11-10
Change Value of Parameter 7. Modified By in Part R4 Old= New=BJW
Change Value of Parameter 1. Description in Part R5 Old=ES 390 OHM 1/10W 1% 0603 New=RES 390 OHM 1/10W 1% 0603
Change Value of Parameter 4. Digi-Key Part Number in Part R5 Old= New= 311-390HRTR-ND
Change Value of Parameter 6. Last Modified in Part R5 Old= New=2018-11-10
Change Value of Parameter 7. Modified By in Part R5 Old= New=BJW
Change Value of Parameter 1. Description in Part R6 Old=ES 390 OHM 1/10W 1% 0603 New=RES 390 OHM 1/10W 1% 0603
Change Value of Parameter 4. Digi-Key Part Number in Part R6 Old= New= 311-390HRTR-ND
Change Value of Parameter 6. Last Modified in Part R6 Old= New=2018-11-10
Change Value of Parameter 7. Modified By in Part R6 Old= New=BJW
Change Value of Parameter 1. Description in Part R7 Old=ES 390 OHM 1/10W 1% 0603 New=RES 390 OHM 1/10W 1% 0603
Change Value of Parameter 4. Digi-Key Part Number in Part R7 Old= New= 311-390HRTR-ND
Change Value of Parameter 6. Last Modified in Part R7 Old= New=2018-11-10
Change Value of Parameter 7. Modified By in Part R7 Old= New=BJW
Change Value of Parameter 1. Description in Part R8 Old=ES 390 OHM 1/10W 1% 0603 New=RES 390 OHM 1/10W 1% 0603
Change Value of Parameter 4. Digi-Key Part Number in Part R8 Old= New= 311-390HRTR-ND
Change Value of Parameter 6. Last Modified in Part R8 Old= New=2018-11-10
Change Value of Parameter 7. Modified By in Part R8 Old= New=BJW
Change Value of Parameter 1. Description in Part R9 Old=ES 390 OHM 1/10W 1% 0603 New=RES 390 OHM 1/10W 1% 0603
Change Value of Parameter 4. Digi-Key Part Number in Part R9 Old= New= 311-390HRTR-ND
Change Value of Parameter 6. Last Modified in Part R9 Old= New=2018-11-10
Change Value of Parameter 7. Modified By in Part R9 Old= New=BJW
Change Value of Parameter 1. Description in Part R10 Old=ES 390 OHM 1/10W 1% 0603 New=RES 390 OHM 1/10W 1% 0603
Change Value of Parameter 4. Digi-Key Part Number in Part R10 Old= New= 311-390HRTR-ND
Change Value of Parameter 6. Last Modified in Part R10 Old= New=2018-11-10
Change Value of Parameter 7. Modified By in Part R10 Old= New=BJW
Change Value of Parameter 1. Description in Part R11 Old=RES [VALUE] [POWER] [TOLERANCE] [PACKAGE] [CONSTRUCTION] New=RES 100K OHM 1/10W 1% 0603 SMD
Change Value of Parameter 2. Manufacturer in Part R11 Old= New=Yageo
Change Value of Parameter 3. Manufacturer Part Number in Part R11 Old= New=RC0603FR-07100KL
Change Value of Parameter 4. Digi-Key Part Number in Part R11 Old= New= 311-100KHRTR-ND
Change Value of Parameter 6. Last Modified in Part R11 Old= New=2018-11-10
Change Value of Parameter 7. Modified By in Part R11 Old= New=BJW
Change Value of Parameter 1. Description in Part R12 Old=RES [VALUE] [POWER] [TOLERANCE] [PACKAGE] [CONSTRUCTION] New=RES 100K OHM 1/10W 1% 0603 SMD
Change Value of Parameter 2. Manufacturer in Part R12 Old= New=Yageo
Change Value of Parameter 3. Manufacturer Part Number in Part R12 Old= New=RC0603FR-07100KL
Change Value of Parameter 4. Digi-Key Part Number in Part R12 Old= New= 311-100KHRTR-ND
Change Value of Parameter 6. Last Modified in Part R12 Old= New=2018-11-10
Change Value of Parameter 7. Modified By in Part R12 Old= New=BJW
Change Value of Parameter 1. Description in Part R13 Old=RES [VALUE] [POWER] [TOLERANCE] [PACKAGE] [CONSTRUCTION] New=RES 100K OHM 1/10W 1% 0603 SMD
Change Value of Parameter 2. Manufacturer in Part R13 Old= New=Yageo
Change Value of Parameter 3. Manufacturer Part Number in Part R13 Old= New=RC0603FR-07100KL
Change Value of Parameter 4. Digi-Key Part Number in Part R13 Old= New= 311-100KHRTR-ND
Change Value of Parameter 6. Last Modified in Part R13 Old= New=2018-11-10
Change Value of Parameter 7. Modified By in Part R13 Old= New=BJW
Change Value of Parameter 1. Description in Part R14 Old=RES [VALUE] [POWER] [TOLERANCE] [PACKAGE] [CONSTRUCTION] New=RES 100K OHM 1/10W 1% 0603 SMD
Change Value of Parameter 2. Manufacturer in Part R14 Old= New=Yageo
Change Value of Parameter 3. Manufacturer Part Number in Part R14 Old= New=RC0603FR-07100KL
Change Value of Parameter 4. Digi-Key Part Number in Part R14 Old= New= 311-100KHRTR-ND
Change Value of Parameter 6. Last Modified in Part R14 Old= New=2018-11-10
Change Value of Parameter 7. Modified By in Part R14 Old= New=BJW
Change Value of Parameter 3. Manufacturer Part Number in Part S1 Old=TL3301xxx New=TL3301AF160QJ
Change Value of Parameter 4. Digi-key Part Number in Part S1 Old= New=EG4374TR-ND
Change Value of Parameter 6. Last Modified in Part S1 Old=2014-10-24 New=2018-11-10
Change Value of Parameter 7. Modified By in Part S1 Old=JRL New=BJW
Change Value of Parameter 3. Manufacturer Part Number in Part S2 Old=TL3301xxx New=TL3301AF160QJ
Change Value of Parameter 4. Digi-key Part Number in Part S2 Old= New=EG4374TR-ND
Change Value of Parameter 6. Last Modified in Part S2 Old=2014-10-24 New=2018-11-10
Change Value of Parameter 7. Modified By in Part S2 Old=JRL New=BJW
Change Value of Parameter 3. Manufacturer Part Number in Part S3 Old=TL3301xxx New=TL3301AF160QJ
Change Value of Parameter 4. Digi-key Part Number in Part S3 Old= New=EG4374TR-ND
Change Value of Parameter 6. Last Modified in Part S3 Old=2014-10-24 New=2018-11-10
Change Value of Parameter 7. Modified By in Part S3 Old=JRL New=BJW
Change Value of Parameter 3. Manufacturer Part Number in Part S4 Old=TL3301xxx New=TL3301AF160QJ
Change Value of Parameter 4. Digi-key Part Number in Part S4 Old= New=EG4374TR-ND
Change Value of Parameter 6. Last Modified in Part S4 Old=2014-10-24 New=2018-11-10
Change Value of Parameter 7. Modified By in Part S4 Old=JRL New=BJW
Change Value of Parameter 3. Manufacturer Part Number in Part S5 Old=TL3301xxx New=TL3301AF160QJ
Change Value of Parameter 4. Digi-key Part Number in Part S5 Old= New=EG4374TR-ND
Change Value of Parameter 6. Last Modified in Part S5 Old=2014-10-24 New=2018-11-10
Change Value of Parameter 7. Modified By in Part S5 Old=JRL New=BJW
